<?xml version="1.0" encoding="utf-8"?><testsuites name="pytest tests"><testsuite name="pytest" errors="0" failures="0" skipped="0" tests="17" time="9.107" timestamp="2026-04-18T05:53:04.148510+00:00" hostname="agent-env-e5faf3ab-17e9-4150-9581-59d7f70cab8e"><testcase classname="tests.test_cinemasync_api.TestHealth" name="test_api_root" time="0.226" /><testcase classname="tests.test_cinemasync_api.TestAuth" name="test_register_creates_user_with_unique_id" time="0.364" /><testcase classname="tests.test_cinemasync_api.TestAuth" name="test_login_success" time="0.363" /><testcase classname="tests.test_cinemasync_api.TestAuth" name="test_login_wrong_password" time="0.359" /><testcase classname="tests.test_cinemasync_api.TestAuth" name="test_login_nonexistent_user" time="0.098" /><testcase classname="tests.test_cinemasync_api.TestAuth" name="test_me_with_bearer_token" time="0.435" /><testcase classname="tests.test_cinemasync_api.TestAuth" name="test_me_without_auth" time="0.102" /><testcase classname="tests.test_cinemasync_api.TestAuth" name="test_logout_clears_cookie" time="0.381" /><testcase classname="tests.test_cinemasync_api.TestProfile" name="test_update_profile_name" time="0.380" /><testcase classname="tests.test_cinemasync_api.TestProfile" name="test_update_profile_without_auth" time="0.097" /><testcase classname="tests.test_cinemasync_api.TestFriends" name="test_friends_full_flow" time="1.098" /><testcase classname="tests.test_cinemasync_api.TestFriends" name="test_cannot_request_self" time="0.430" /><testcase classname="tests.test_cinemasync_api.TestFriends" name="test_reject_friend_request" time="0.759" /><testcase classname="tests.test_cinemasync_api.TestFriends" name="test_cancel_friend_request" time="0.827" /><testcase classname="tests.test_cinemasync_api.TestRooms" name="test_rooms_full_flow" time="2.028" /><testcase classname="tests.test_cinemasync_api.TestRooms" name="test_join_room_not_found" time="0.389" /><testcase classname="tests.test_cinemasync_api.TestWebSocket" name="test_websocket_endpoint_exists" time="0.667" /></testsuite></testsuites>