<?xml version="1.0" encoding="utf-8"?><testsuites name="pytest tests"><testsuite name="pytest" errors="0" failures="0" skipped="0" tests="18" time="18.157" timestamp="2026-04-18T07:12:18.031699+00:00" hostname="agent-env-e5faf3ab-17e9-4150-9581-59d7f70cab8e"><testcase classname="backend.tests.test_new_features.TestRouteOrdering" name="test_active_route_not_404_room_not_found" time="0.404" /><testcase classname="backend.tests.test_new_features.TestActiveRooms" name="test_active_rooms_empty_initially" time="0.380" /><testcase classname="backend.tests.test_new_features.TestActiveRooms" name="test_active_rooms_shows_created_room" time="0.649" /><testcase classname="backend.tests.test_new_features.TestActiveRooms" name="test_active_rooms_shows_joined_room" time="1.294" /><testcase classname="backend.tests.test_new_features.TestActiveRooms" name="test_active_rooms_excludes_password_hash" time="0.666" /><testcase classname="backend.tests.test_new_features.TestActiveRooms" name="test_active_rooms_requires_auth" time="0.099" /><testcase classname="backend.tests.test_new_features.TestInvite" name="test_invite_success" time="1.296" /><testcase classname="backend.tests.test_new_features.TestInvite" name="test_invite_wrong_password" time="1.355" /><testcase classname="backend.tests.test_new_features.TestInvite" name="test_invite_not_friend" time="1.259" /><testcase classname="backend.tests.test_new_features.TestInvite" name="test_invite_not_participant" time="1.440" /><testcase classname="backend.tests.test_new_features.TestInvite" name="test_invite_room_not_found" time="0.813" /><testcase classname="backend.tests.test_new_features.TestNotifications" name="test_get_notifications_empty" time="0.366" /><testcase classname="backend.tests.test_new_features.TestNotifications" name="test_get_notifications_shows_invite" time="1.362" /><testcase classname="backend.tests.test_new_features.TestNotifications" name="test_mark_notification_read" time="1.368" /><testcase classname="backend.tests.test_new_features.TestNotifications" name="test_delete_notification" time="1.361" /><testcase classname="backend.tests.test_new_features.TestNotifications" name="test_notifications_sorted_newest_first" time="2.146" /><testcase classname="backend.tests.test_new_features.TestNotifications" name="test_notifications_requires_auth" time="0.132" /><testcase classname="backend.tests.test_new_features.TestInviteFlow" name="test_full_invite_accept_flow" time="1.694" /></testsuite></testsuites>