<?xml version="1.0" encoding="utf-8"?><testsuites name="pytest tests"><testsuite name="pytest" errors="0" failures="0" skipped="0" tests="13" time="11.371" timestamp="2026-04-19T07:32:46.752470+00:00" hostname="agent-env-e5faf3ab-17e9-4150-9581-59d7f70cab8e"><testcase classname="backend.tests.test_iter5_delete_verify.TestVerifyEmailFallback" name="test_send_verify_returns_fallback_for_sandbox" time="0.949" /><testcase classname="backend.tests.test_iter5_delete_verify.TestVerifyEmailFallback" name="test_fallback_token_verifies_email" time="1.017" /><testcase classname="backend.tests.test_iter5_delete_verify.TestDeleteAccount" name="test_wrong_password_rejected" time="0.834" /><testcase classname="backend.tests.test_iter5_delete_verify.TestDeleteAccount" name="test_wrong_confirm_text_rejected" time="0.617" /><testcase classname="backend.tests.test_iter5_delete_verify.TestDeleteAccount" name="test_successful_delete_and_relogin_fails" time="0.930" /><testcase classname="backend.tests.test_iter5_delete_verify.TestDeleteAccount" name="test_admin_cannot_self_delete" time="0.435" /><testcase classname="backend.tests.test_iter5_delete_verify.TestPurgeCascade" name="test_friend_notifications_cleaned_after_delete" time="2.607" /><testcase classname="backend.tests.test_iter5_delete_verify.TestLastActive" name="test_me_updates_last_active_at" time="1.838" /><testcase classname="backend.tests.test_iter5_delete_verify.TestRegression" name="test_rooms_create_and_list" time="0.953" /><testcase classname="backend.tests.test_iter5_delete_verify.TestRegression" name="test_forgot_password_ok" time="0.106" /><testcase classname="backend.tests.test_iter5_delete_verify.TestRegression" name="test_rtc_ice" time="0.789" /><testcase classname="backend.tests.test_iter5_delete_verify.TestRegression" name="test_broadcast_requires_auth" time="0.102" /><testcase classname="backend.tests.test_iter5_delete_verify.TestRegression" name="test_poster_endpoint" time="0.107" /></testsuite></testsuites>