<?xml version="1.0" encoding="utf-8"?><testsuites name="pytest tests"><testsuite name="pytest" errors="0" failures="0" skipped="0" tests="10" time="15.376" timestamp="2026-04-19T19:27:15.784332+00:00" hostname="agent-env-e5faf3ab-17e9-4150-9581-59d7f70cab8e"><testcase classname="backend.tests.test_iter7_recent_bulk_kill.TestDeleteHistoryEntry" name="test_404_for_nonexistent_history" time="0.635" /><testcase classname="backend.tests.test_iter7_recent_bulk_kill.TestDeleteHistoryEntry" name="test_guest_delete_only_removes_own_row" time="1.890" /><testcase classname="backend.tests.test_iter7_recent_bulk_kill.TestDeleteHistoryEntry" name="test_host_delete_cascades_and_purges" time="1.985" /><testcase classname="backend.tests.test_iter7_recent_bulk_kill.TestAdminAlertNotification" name="test_non_admin_host_kill_creates_admin_alert" time="1.683" /><testcase classname="backend.tests.test_iter7_recent_bulk_kill.TestAdminAlertNotification" name="test_admin_actor_does_not_receive_own_alert" time="1.108" /><testcase classname="backend.tests.test_iter7_recent_bulk_kill.TestBulkDeleteHistory" name="test_bulk_dedupe_and_mixed_host_guest" time="3.283" /><testcase classname="backend.tests.test_iter7_recent_bulk_kill.TestBulkDeleteHistory" name="test_bulk_empty_payload" time="0.558" /><testcase classname="backend.tests.test_iter7_recent_bulk_kill.TestBulkDeleteHistory" name="test_bulk_cap_100" time="0.587" /><testcase classname="backend.tests.test_iter7_recent_bulk_kill.TestGuestCascadeView" name="test_guest_history_no_longer_has_room_after_host_kill" time="1.944" /><testcase classname="backend.tests.test_iter7_recent_bulk_kill.TestEndRoomNoAlertRegression" name="test_end_room_endpoint_does_not_fire_admin_alert" time="1.610" /></testsuite></testsuites>