<?xml version="1.0" encoding="utf-8"?><testsuites name="pytest tests"><testsuite name="pytest" errors="0" failures="0" skipped="0" tests="14" time="15.028" timestamp="2026-04-18T17:01:48.504646+00:00" hostname="agent-env-e5faf3ab-17e9-4150-9581-59d7f70cab8e"><testcase classname="backend.tests.test_profile_upload.TestProfilePictureUpload" name="test_upload_valid_png" time="0.757" /><testcase classname="backend.tests.test_profile_upload.TestProfilePictureUpload" name="test_upload_jpg" time="0.600" /><testcase classname="backend.tests.test_profile_upload.TestProfilePictureUpload" name="test_upload_rejects_non_image" time="0.427" /><testcase classname="backend.tests.test_profile_upload.TestProfilePictureUpload" name="test_upload_rejects_svg" time="0.390" /><testcase classname="backend.tests.test_profile_upload.TestProfilePictureUpload" name="test_upload_rejects_oversize" time="7.675" /><testcase classname="backend.tests.test_profile_upload.TestProfilePictureUpload" name="test_upload_requires_auth" time="0.218" /><testcase classname="backend.tests.test_profile_upload.TestProfilePictureUpload" name="test_serve_file_and_auth" time="0.888" /><testcase classname="backend.tests.test_profile_upload.TestProfilePatch" name="test_patch_name_only_regenerates_unique_id" time="0.388" /><testcase classname="backend.tests.test_profile_upload.TestRegressionCore" name="test_auth_me" time="0.384" /><testcase classname="backend.tests.test_profile_upload.TestRegressionCore" name="test_logout_unauth_fallback_header" time="0.116" /><testcase classname="backend.tests.test_profile_upload.TestRegressionCore" name="test_room_create_join_active_leave" time="1.356" /><testcase classname="backend.tests.test_profile_upload.TestRegressionCore" name="test_friends_search_request_accept" time="0.952" /><testcase classname="backend.tests.test_profile_upload.TestRegressionCore" name="test_notifications_list" time="0.394" /><testcase classname="backend.tests.test_profile_upload.TestRegressionCore" name="test_admin_stats" time="0.388" /></testsuite></testsuites>