<?xml version="1.0" encoding="utf-8"?><testsuites name="pytest tests"><testsuite name="pytest" errors="0" failures="0" skipped="0" tests="8" time="3.099" timestamp="2026-04-19T17:19:56.382747+00:00" hostname="agent-env-e5faf3ab-17e9-4150-9581-59d7f70cab8e"><testcase classname="backend.tests.test_iter6_end_room.TestRoomNameCustomTitle" name="test_create_room_with_custom_title" time="0.893" /><testcase classname="backend.tests.test_iter6_end_room.TestRoomNameCustomTitle" name="test_create_room_without_custom_title_backcompat" time="0.320" /><testcase classname="backend.tests.test_iter6_end_room.TestRoomNameCustomTitle" name="test_custom_title_max_length_80_enforced" time="0.047" /><testcase classname="backend.tests.test_iter6_end_room.TestEndRoom" name="test_full_flow_host_ends_room" time="1.505" /><testcase classname="backend.tests.test_iter6_end_room.TestEndRoom" name="test_delete_nonexistent_room_404" time="0.051" /><testcase classname="backend.tests.test_iter6_end_room.TestEndRoom" name="test_delete_unauth" time="0.117" /><testcase classname="backend.tests.test_iter6_end_room.TestRegression" name="test_auth_me" time="0.050" /><testcase classname="backend.tests.test_iter6_end_room.TestRegression" name="test_active_rooms_listing" time="0.044" /></testsuite></testsuites>