<?xml version="1.0" encoding="utf-8"?><testsuites name="pytest tests"><testsuite name="pytest" errors="0" failures="0" skipped="0" tests="12" time="16.577" timestamp="2026-04-19T07:03:35.235119+00:00" hostname="agent-env-e5faf3ab-17e9-4150-9581-59d7f70cab8e"><testcase classname="backend.tests.test_broadcast_feature.TestBroadcast" name="test_broadcast_success_sends_to_all_friends" time="3.401" /><testcase classname="backend.tests.test_broadcast_feature.TestBroadcast" name="test_broadcast_wrong_password_401" time="3.118" /><testcase classname="backend.tests.test_broadcast_feature.TestBroadcast" name="test_broadcast_non_participant_403" time="2.909" /><testcase classname="backend.tests.test_broadcast_feature.TestBroadcast" name="test_broadcast_no_friends_returns_zero" time="1.198" /><testcase classname="backend.tests.test_broadcast_feature.TestRegression" name="test_register_and_me" time="0.604" /><testcase classname="backend.tests.test_broadcast_feature.TestRegression" name="test_login_admin" time="0.328" /><testcase classname="backend.tests.test_broadcast_feature.TestRegression" name="test_room_create_join_active_history" time="1.883" /><testcase classname="backend.tests.test_broadcast_feature.TestRegression" name="test_promote_demote" time="1.929" /><testcase classname="backend.tests.test_broadcast_feature.TestRegression" name="test_rtc_ice" time="0.808" /><testcase classname="backend.tests.test_broadcast_feature.TestRegression" name="test_forgot_password_generic" time="0.107" /><testcase classname="backend.tests.test_broadcast_feature.TestRegression" name="test_reset_password_invalid_token" time="0.095" /><testcase classname="backend.tests.test_broadcast_feature.TestRegression" name="test_verify_email_invalid_token" time="0.111" /></testsuite></testsuites>